make all --print-arglist-base --no-builtin-variables --no-builtin-rules --question
# GNU Make 3.81
# Copyright (C) 2006  Free Software Foundation, Inc.
# This is free software; see the source for copying conditions.
# There is NO warranty; not even for MERCHANTABILITY or FITNESS FOR A
# PARTICULAR PURPOSE.

# This program built for i386-apple-darwin11.3.0


# Make arglist base, printed on Tue Aug  2 22:49:32 2022

# Variables

# automatic
<D = $(patsubst %/,%,$(dir $<))
# automatic
?F = $(notdir $?)
# makefile (from `Makefile', line 27)
SRCS_BONUS = pipex_bonus.c init_bonus.c  utils_bonus.c args_bonus.c exec_bonus.c option_bonus.c here_doc_bonus.c
# automatic
?D = $(patsubst %/,%,$(dir $?))
# automatic
@D = $(patsubst %/,%,$(dir $@))
# automatic
@F = $(notdir $@)
# makefile
CURDIR := /Users/hodongho/42Seoul_Subject/pipex
# makefile
SHELL = /bin/sh
# makefile (from `Makefile', line 18)
RM = rm -f
# environment
VSCODE_NLS_CONFIG = {"locale":"ko","availableLanguages":{"*":"ko"},"_languagePackId":"2dff5cff996ed6cbe8d8aa8740f86aa0.ko","_translationsConfigFile":"/Users/hodongho/Library/Application Support/Code/clp/2dff5cff996ed6cbe8d8aa8740f86aa0.ko/tcf.json","_cacheRoot":"/Users/hodongho/Library/Application Support/Code/clp/2dff5cff996ed6cbe8d8aa8740f86aa0.ko","_resolvedLanguagePackCoreLocation":"/Users/hodongho/Library/Application Support/Code/clp/2dff5cff996ed6cbe8d8aa8740f86aa0.ko/3b889b090b5ad5793f524b5d1d39fda662b96a2a","_corruptedFile":"/Users/hodongho/Library/Application Support/Code/clp/2dff5cff996ed6cbe8d8aa8740f86aa0.ko/corrupted.info","_languagePackSupport":true}
# environment
_ = /usr/bin/make
# makefile (from `Makefile', line 14)
CFLAGS = -Wall -Wextra -Werror -I$(INCLUDE)
# makefile (from `Makefile', line 1)
MAKEFILE_LIST :=  Makefile
# environment
__CFBundleIdentifier = com.microsoft.VSCode
# environment
INFOPATH = /opt/homebrew/share/info:
# environment
P9K_SSH = 0
# environment
VSCODE_CWD = /
# environment
PATH = /Library/Frameworks/Python.framework/Versions/3.10/bin:/opt/homebrew/bin:/opt/homebrew/sbin:/usr/local/bin:/usr/bin:/bin:/usr/sbin:/sbin:/Applications/VMware Fusion Tech Preview.app/Contents/Public:/Library/Apple/usr/bin
# environment
LSCOLORS = Gxfxcxdxbxegedabagacad
# environment
LaunchInstanceID = CA57C354-C6D7-43A6-962B-53BEDE3192C6
# environment
ELECTRON_RUN_AS_NODE = 1
# default
.FEATURES := target-specific order-only second-expansion else-if archives jobserver check-symlink
# makefile (from `Makefile', line 34)
LIBFT_DIR = ./ft_lib
# environment
SSH_AUTH_SOCK = /private/tmp/com.apple.launchd.kt56Tw4P6d/Listeners
# automatic
%F = $(notdir $%)
# makefile (from `Makefile', line 42)
OBJS = $(SRCS:.c=.o)
# environment
PWD = /Users/hodongho/42Seoul_Subject/pipex
# environment
HOMEBREW_CELLAR = /opt/homebrew/Cellar
# makefile (from `Makefile', line 32)
OBJS_BONUS = $(addprefix $(DIR_BONUS)/, $(SRCS_BONUS:.c=.o))
# environment
ORIGINAL_XDG_CURRENT_DESKTOP = undefined
# environment
MANPATH = /opt/homebrew/share/man::
# environment
VSCODE_AMD_ENTRYPOINT = vs/workbench/api/node/extensionHostProcess
# environment
HOME = /Users/hodongho
# default
MAKEFILEPATH = $(shell /usr/bin/xcode-select -print-path 2>/dev/null || echo /Developer)/Makefiles
# environment
VSCODE_CODE_CACHE_PATH = /Users/hodongho/Library/Application Support/Code/CachedData/3b889b090b5ad5793f524b5d1d39fda662b96a2a
# environment
LOGNAME = hodongho
# environment
APPLICATION_INSIGHTS_NO_DIAGNOSTIC_CHANNEL = 1
# makefile (from `Makefile', line 21)
HEADERS = $(INCLUDE)/pipex.h
# environment
ZSH = /Users/hodongho/.oh-my-zsh
# environment
VSCODE_HANDLES_UNCAUGHT_ERRORS = true
# automatic
^D = $(patsubst %/,%,$(dir $^))
# environment
XPC_FLAGS = 0x0
# default
MAKE = $(MAKE_COMMAND)
# default
MAKECMDGOALS := all
# makefile (from `Makefile', line 26)
SRCS = pipex.c init.c utils.c args.c exec.c option.c
# environment
SHLVL = 1
# makefile (from `Makefile', line 35)
LIBFT = libft.a
# makefile (from `Makefile', line 13)
CC = gcc
# default
MAKE_VERSION := 3.81
# environment
USER = hodongho
# makefile
.DEFAULT_GOAL := all
# makefile (from `Makefile', line 20)
INCLUDE = ./include
# makefile (from `Makefile', line 37)
NAME = pipex
# environment
LESS = -R
# automatic
%D = $(patsubst %/,%,$(dir $%))
# default
MAKE_COMMAND := /Library/Developer/CommandLineTools/usr/bin/make
# default
.VARIABLES :=
# environment
TMPDIR = /var/folders/_r/wjrhr6t952z595z0mj4b2p3m0000gn/T/
# automatic
*F = $(notdir $*)
# environment
VSCODE_IPC_HOOK = /Users/hodongho/Library/Application Support/Code/1.69.2-main.sock
# environment
MallocNanoZone = 0
# makefile
MAKEFLAGS = Rrqp
# environment
MFLAGS = -Rrqp
# automatic
*D = $(patsubst %/,%,$(dir $*))
# environment
XPC_SERVICE_NAME = application.com.microsoft.VSCode.9661723.9661729
# environment
HOMEBREW_PREFIX = /opt/homebrew
# automatic
+D = $(patsubst %/,%,$(dir $+))
# automatic
+F = $(notdir $+)
# environment
HOMEBREW_REPOSITORY = /opt/homebrew
# environment
__CF_USER_TEXT_ENCODING = 0x1F5:0x3:0x33
# environment
COMMAND_MODE = unix2003
# default
MAKEFILES :=
# automatic
<F = $(notdir $<)
# makefile (from `Makefile', line 24)
DIR_BONUS = ./bonus
# environment
EDITOR = /usr/local/bin/nvimh
# environment
PAGER = less
# environment
LC_ALL = C
# environment
SECURITYSESSIONID = 186ad
# automatic
^F = $(notdir $^)
# default
SUFFIXES :=
# environment
MAKELEVEL := 0
# makefile (from `Makefile', line 16)
INC_LIB = -L$(LIBFT_DIR) -lft
# environment
LANG = C
# environment
VSCODE_PID = 2007
# makefile (from `Makefile', line 22)
HEADERS_BONUS = $(INCLUDE)/pipex_bonus.h
# variable set hash-table stats:
# Load=85/1024=8%, Rehash=0, Collisions=14/128=11%

# Pattern-specific Variable Values

# No pattern-specific variable values.

# Directories

# . (device 16777234, inode 7252459): 17 files, no impossibilities.

# 17 files, no impossibilities in 1 directories.

# Implicit Rules

# No implicit rules.

# Files

bonus/option_bonus.o: include/pipex_bonus.h
#  Implicit rule search has not been done.
#  Modification time never checked.
#  File has not been updated.

bonus/pipex_bonus.o: include/pipex_bonus.h
#  Implicit rule search has not been done.
#  Modification time never checked.
#  File has not been updated.

all: libft.a pipex
#  Phony target (prerequisite of .PHONY).
#  Command-line target.
#  Implicit rule search has not been done.
#  File does not exist.
#  File has been updated.
#  Needs to be updated (-q is set).
# variable set hash-table stats:
# Load=0/32=0%, Rehash=0, Collisions=0/3=0%

.PHONY: all bonus clean fclean re norm
#  Implicit rule search has not been done.
#  Modification time never checked.
#  File has not been updated.

# Not a target:
.SUFFIXES:
#  Implicit rule search has not been done.
#  Modification time never checked.
#  File has not been updated.

# Not a target:
Makefile:
#  Implicit rule search has been done.
#  Last modified 2022-07-17 20:39:00
#  File has been updated.
#  Successfully updated.
# variable set hash-table stats:
# Load=0/32=0%, Rehash=0, Collisions=0/0=0%

libft.a:
#  Implicit rule search has not been done.
#  Implicit/static pattern stem: `'
#  File does not exist.
#  File has been updated.
#  Needs to be updated (-q is set).
# automatic
# @ := libft.a
# automatic
# % :=
# automatic
# * :=
# automatic
# + :=
# automatic
# | :=
# automatic
# < :=
# automatic
# ^ :=
# automatic
# ? :=
# variable set hash-table stats:
# Load=8/32=25%, Rehash=0, Collisions=2/11=18%
#  commands to execute (from `Makefile', line 54):
	make -C $(LIBFT_DIR)


bonus/init_bonus.o: include/pipex_bonus.h
#  Implicit rule search has not been done.
#  Modification time never checked.
#  File has not been updated.

# Not a target:
include/pipex_bonus.h:
#  Implicit rule search has not been done.
#  Modification time never checked.
#  File has not been updated.

bonus/exec_bonus.o: include/pipex_bonus.h
#  Implicit rule search has not been done.
#  Modification time never checked.
#  File has not been updated.

bonus:
#  Phony target (prerequisite of .PHONY).
#  Implicit rule search has not been done.
#  File does not exist.
#  File has not been updated.
#  commands to execute (from `Makefile', line 48):
	@make WITH_BONUS=1 all


fclean: clean
#  Phony target (prerequisite of .PHONY).
#  Implicit rule search has not been done.
#  File does not exist.
#  File has not been updated.
#  commands to execute (from `Makefile', line 65):
	$(RM) $(LIBFT_DIR)/$(LIBFT)
	$(RM) $(NAME)


bonus/here_doc_bonus.o: include/pipex_bonus.h
#  Implicit rule search has not been done.

#  Modification time never checked.
#  File has not been updated.

norm:
#  Phony target (prerequisite of .PHONY).
#  Implicit rule search has not been done.
#  File does not exist.
#  File has not been updated.
#  commands to execute (from `Makefile', line 73):
	norminette


args.o: include/pipex.h
#  Implicit rule search has not been done.
#  Modification time never checked.
#  File has not been updated.

bonus/utils_bonus.o: include/pipex_bonus.h
#  Implicit rule search has not been done.
#  Modification time never checked.
#  File has not been updated.

# Not a target:
.DEFAULT:
#  Implicit rule search has not been done.
#  Modification time never checked.
#  File has not been updated.

re:
#  Phony target (prerequisite of .PHONY).
#  Implicit rule search has not been done.
#  File does not exist.
#  File has not been updated.
#  commands to execute (from `Makefile', line 69):
	make fclean
	make all


clean:
#  Phony target (prerequisite of .PHONY).
#  Implicit rule search has not been done.
#  File does not exist.
#  File has not been updated.
#  commands to execute (from `Makefile', line 60):
	make -C $(LIBFT_DIR) clean
	$(RM) $(OBJS)
	$(RM) $(OBJS_BONUS)


# Not a target:
include/pipex.h:
#  Implicit rule search has not been done.
#  Modification time never checked.
#  File has not been updated.

bonus/args_bonus.o: include/pipex_bonus.h
#  Implicit rule search has not been done.
#  Modification time never checked.
#  File has not been updated.

init.o: include/pipex.h
#  Implicit rule search has not been done.
#  Modification time never checked.
#  File has not been updated.

utils.o: include/pipex.h
#  Implicit rule search has not been done.
#  Modification time never checked.
#  File has not been updated.

exec.o: include/pipex.h
#  Implicit rule search has not been done.
#  Modification time never checked.
#  File has not been updated.

pipex.o: include/pipex.h
#  Implicit rule search has not been done.
#  Modification time never checked.
#  File has not been updated.

option.o: include/pipex.h
#  Implicit rule search has not been done.
#  Modification time never checked.
#  File has not been updated.

pipex: pipex.o init.o utils.o args.o exec.o option.o
#  Implicit rule search has not been done.
#  Modification time never checked.
#  File has not been updated.
#  commands to execute (from `Makefile', line 51):
	$(CC) -o $@ $^ $(INC_LIB)


# files hash-table stats:
# Load=27/1024=3%, Rehash=0, Collisions=1/69=1%
# VPATH Search Paths

# No `vpath' search paths.

# No general (`VPATH' variable) search path.

# # of strings in strcache: 1
# # of strcache buffers: 1
# strcache size: total = 4096 / max = 4096 / min = 4096 / avg = 4096
# strcache free: total = 4087 / max = 4087 / min = 4087 / avg = 4087

# Finished Make arglist base on Tue Aug  2 22:49:32 2022


